imageLoaderSample/build/outputs/logs/manifest-merger-debug-report.txt
-- Merging decision tree log ---
manifest
ADDED from src/main/AndroidManifest.xml:2:1-53:12
	package
		ADDED from src/main/AndroidManifest.xml:3:5-56
		INJECTED from src/main/AndroidManifest.xml
		INJECTED from src/main/AndroidManifest.xml
	android:versionName
		ADDED from src/main/AndroidManifest.xml:5:5-32
		INJECTED from src/main/AndroidManifest.xml
		INJECTED from src/main/AndroidManifest.xml
	android:versionCode
		ADDED from src/main/AndroidManifest.xml:4:5-29
		INJECTED from src/main/AndroidManifest.xml
		INJECTED from src/main/AndroidManifest.xml
	xmlns:android
		ADDED from src/main/AndroidManifest.xml:2:11-69
uses-sdk
ADDED from src/main/AndroidManifest.xml:7:5-9:41
MERGED from [ImageLoaderSample:library:unspecified] AndroidManifest.xml:7:5-9:41
	android:targetSdkVersion
		ADDED from src/main/AndroidManifest.xml:9:9-38
		INJECTED from src/main/AndroidManifest.xml
		INJECTED from src/main/AndroidManifest.xml
	android:minSdkVersion
		ADDED from src/main/AndroidManifest.xml:8:9-34
		INJECTED from src/main/AndroidManifest.xml
		INJECTED from src/main/AndroidManifest.xml
uses-permission#android.permission.INTERNET
ADDED from src/main/AndroidManifest.xml:11:5-67
	android:name
		ADDED from src/main/AndroidManifest.xml:11:22-64
uses-permission#android.permission.WRITE_EXTERNAL_STORAGE
ADDED from src/main/AndroidManifest.xml:12:5-81
	android:name
		ADDED from src/main/AndroidManifest.xml:12:22-78
application
ADDED from src/main/AndroidManifest.xml:14:5-51:19
	android:label
		ADDED from src/main/AndroidManifest.xml:17:9-41
	android:icon
		ADDED from src/main/AndroidManifest.xml:16:9-45
	android:name
		ADDED from src/main/AndroidManifest.xml:15:9-39
activity#com.nostra13.example.universalimageloader.HomeActivity
ADDED from src/main/AndroidManifest.xml:18:9-26:20
	android:label
		ADDED from src/main/AndroidManifest.xml:20:13-45
	android:name
		ADDED from src/main/AndroidManifest.xml:19:13-41
intent-filter#android.intent.action.MAIN+android.intent.category.LAUNCHER
ADDED from src/main/AndroidManifest.xml:21:13-25:29
action#android.intent.action.MAIN
ADDED from src/main/AndroidManifest.xml:22:17-69
	android:name
		ADDED from src/main/AndroidManifest.xml:22:25-66
category#android.intent.category.LAUNCHER
ADDED from src/main/AndroidManifest.xml:24:17-77
	android:name
		ADDED from src/main/AndroidManifest.xml:24:27-74
activity#com.nostra13.example.universalimageloader.ImageActivity
ADDED from src/main/AndroidManifest.xml:27:9-50
	android:name
		ADDED from src/main/AndroidManifest.xml:27:19-48
activity#com.nostra13.example.universalimageloader.ImageListActivity
ADDED from src/main/AndroidManifest.xml:28:9-30:58
	android:label
		ADDED from src/main/AndroidManifest.xml:30:13-55
	android:name
		ADDED from src/main/AndroidManifest.xml:29:13-46
activity#com.nostra13.example.universalimageloader.ImageGridActivity
ADDED from src/main/AndroidManifest.xml:31:9-33:58
	android:label
		ADDED from src/main/AndroidManifest.xml:33:13-55
	android:name
		ADDED from src/main/AndroidManifest.xml:32:13-46
activity#com.nostra13.example.universalimageloader.ImagePagerActivity
ADDED from src/main/AndroidManifest.xml:34:9-36:59
	android:label
		ADDED from src/main/AndroidManifest.xml:36:13-56
	android:name
		ADDED from src/main/AndroidManifest.xml:35:13-47
activity#com.nostra13.example.universalimageloader.ImageGalleryActivity
ADDED from src/main/AndroidManifest.xml:37:9-39:61
	android:label
		ADDED from src/main/AndroidManifest.xml:39:13-58
	android:name
		ADDED from src/main/AndroidManifest.xml:38:13-49
receiver#com.nostra13.example.universalimageloader.widget.UILWidgetProvider
ADDED from src/main/AndroidManifest.xml:42:9-50:20
	android:name
		ADDED from src/main/AndroidManifest.xml:42:19-59
meta-data#android.appwidget.provider
ADDED from src/main/AndroidManifest.xml:43:13-45:59
	android:resource
		ADDED from src/main/AndroidManifest.xml:45:17-56
	android:name
		ADDED from src/main/AndroidManifest.xml:44:17-58
intent-filter#android.appwidget.action.APPWIDGET_UPDATE
ADDED from src/main/AndroidManifest.xml:47:13-49:29
action#android.appwidget.action.APPWIDGET_UPDATE
ADDED from src/main/AndroidManifest.xml:48:17-84
	android:name
		ADDED from src/main/AndroidManifest.xml:48:25-81